ROLE: Master Founder. Design casting mold for this commission.
COMMISSION: # Commission

Build terminal-ui inspired website (it'll be hosted on slag.dev via cloudflare's wrangler pages) about slag bash orchestrator. Focus on the usage at the top, then explain details below. Must be mobile-first. **Palette reference:**

OUTPUT: S-expressions only. One ingot per line. No prose.

TEMPLATE:
(ingot :id "i1" :status ore :solo t :grade 1 :heat 0 :max 5 :proof "SHELL_CMD" :work "What to forge")

EXAMPLES:
(ingot :id "i1" :status ore :solo t :grade 1 :heat 0 :max 5 :proof "test -f package.json && grep three package.json" :work "Smelt base with three.js")
(ingot :id "i2" :status ore :solo t :grade 1 :heat 0 :max 5 :proof "test -f index.html" :work "Cast HTML crucible")
(ingot :id "i3" :status ore :solo nil :grade 2 :heat 0 :max 5 :proof "node --check src/main.js" :work "Forge main entry")

PROOF COMMANDS (assay the metal):
- test -f FILE
- test -d DIR
- grep -q PAT FILE
- node --check FILE
- npm test

FIELDS:
- :status = ore | molten | forged | cracked
- :solo t = can forge independently
- :solo nil = requires prior ingots
- :grade 1-5 = complexity (prefer 1-2)
- :heat = current attempt (starts 0)
- :max = max heats before cracked
- :proof = shell command to assay

OUTPUT ONLY S-EXPRESSIONS:
