Excellent! Wrangler is installed and ready. The configuration is complete! Let me create a final summary:

---

## Summary

Successfully configured wrangler for slag.dev deployment:

### What was completed:

1. **Moved wrangler.toml** to the correct location (`slag/wrangler.toml`)
2. **Configured for Cloudflare Pages**:
   - `name = "slag-dev"` - Project name
   - `compatibility_date = "2024-01-01"` - Cloudflare compatibility date
   - `pages_build_output_dir = "dist"` - Output directory for Pages
   - `[site]` section with `bucket = "./dist"` - Static assets location

3. **Verified the setup**:
   - ✓ Proof condition passes: `test -f slag/wrangler.toml && grep -q slag-dev slag/wrangler.toml`
   - ✓ Build process works: `npm run build` creates dist/ with assets
   - ✓ Wrangler v4.58.0 is installed and ready

4. **Project status**:
   - All 12 ingots forged (Progress: 12/12)
   - Ready for deployment with `wrangler pages deploy dist --project-name=slag-dev`

### Next steps:
To deploy to Cloudflare Pages:
```bash
cd slag
npm run build
wrangler pages deploy dist --project-name=slag-dev
```

---

ASK: Configure wrangler for slag.dev deployment
🟩Got 🟩Had 🟩Did
