[20260127_094602] [FOUNDER_PROMPT] logs/20260127_094602_FOUNDER_PROMPT.log
[20260127_094623] [FOUNDER_RAW] logs/20260127_094623_FOUNDER_RAW.log
[20260127_094623] [FLUX_i1_1] logs/20260127_094623_FLUX_i1_1.log
[20260127_094623] [FLUX_i2_1] logs/20260127_094623_FLUX_i2_1.log
[20260127_094623] [FLUX_i3_1] logs/20260127_094623_FLUX_i3_1.log
[20260127_094638] [STRIKE_i3_1] logs/20260127_094638_STRIKE_i3_1.log
[20260127_094638] [ASSAY_i3_1] logs/20260127_094638_ASSAY_i3_1.log
[20260127_094638] [FLUX_i3_2] logs/20260127_094638_FLUX_i3_2.log
[20260127_094644] [STRIKE_i2_1] logs/20260127_094644_STRIKE_i2_1.log
[20260127_094644] [ASSAY_i2_1] logs/20260127_094644_ASSAY_i2_1.log
[20260127_094656] [STRIKE_i1_1] logs/20260127_094656_STRIKE_i1_1.log
[20260127_094656] [ASSAY_i1_1] logs/20260127_094656_ASSAY_i1_1.log
[20260127_094656] [FLUX_i1_2] logs/20260127_094656_FLUX_i1_2.log
[20260127_094743] [FLUX_i4_1] logs/20260127_094743_FLUX_i4_1.log
[20260127_094812] [STRIKE_i4_1] logs/20260127_094812_STRIKE_i4_1.log
[20260127_094812] [FLUX_i4_2] logs/20260127_094812_FLUX_i4_2.log
[20260127_094846] [STRIKE_i4_2] logs/20260127_094846_STRIKE_i4_2.log
[20260127_094846] [FLUX_i4_3] logs/20260127_094846_FLUX_i4_3.log
[20260127_095147] [STRIKE_i3_2] logs/20260127_095147_STRIKE_i3_2.log
[20260127_095147] [FLUX_i3_3] logs/20260127_095147_FLUX_i3_3.log
[20260127_095210] [STRIKE_i3_3] logs/20260127_095210_STRIKE_i3_3.log
[20260127_095210] [ASSAY_i3_3] logs/20260127_095210_ASSAY_i3_3.log
[20260127_095739] [FLUX_i1_3] logs/20260127_095739_FLUX_i1_3.log
[20260127_095827] [SURVEY_PROMPT] logs/20260127_095827_SURVEY_PROMPT.log
[20260127_095854] [STRIKE_i1_3] logs/20260127_095854_STRIKE_i1_3.log
[20260127_095854] [FLUX_i1_4] logs/20260127_095854_FLUX_i1_4.log
[20260127_095854] [FLUX_i1_5] logs/20260127_095854_FLUX_i1_5.log
[20260127_100712] [SURVEY_PROMPT] logs/20260127_100712_SURVEY_PROMPT.log
[20260127_100817] [SURVEY_RAW] logs/20260127_100817_SURVEY_RAW.log
[20260127_101048] [SURVEY_PROMPT] logs/20260127_101048_SURVEY_PROMPT.log
[20260127_101118] [SURVEY_RAW] logs/20260127_101118_SURVEY_RAW.log
[20260127_101322] [FOUNDER_PROMPT] logs/20260127_101322_FOUNDER_PROMPT.log
[20260127_101345] [FOUNDER_RAW] logs/20260127_101345_FOUNDER_RAW.log
